Fri Apr  8 15:35:51 UTC 2022: 
 hashmap.c | 11 ++++++++++-
 1 file changed, 10 insertions(+), 1 deletion(-)
 tests:  0|0
7f98f8b
Fri Apr  8 15:37:02 UTC 2022: 
 hashmap.c | 2 +-
 1 file changed, 1 insertion(+), 1 deletion(-)
 tests:  0|0
bc1a141
Fri Apr  8 15:37:21 UTC 2022: 
 hashmap.c | 2 +-
 1 file changed, 1 insertion(+), 1 deletion(-)
 tests:  1|5
total_score: 10/70
407e3b8
Fri Apr  8 16:10:47 UTC 2022: 
 hashmap.c | 9 ++++++++-
 1 file changed, 8 insertions(+), 1 deletion(-)
In file included from test.c:4:0:
hashmap.c: In function ‘insertMap’:
hashmap.c:43:9: error: unused variable ‘valor’ [-Werror=unused-variable]
   Pair *valor = createPair(key,value);
         ^~~~~
cc1: all warnings being treated as errors
Compilation failed
8954fc2
Fri Apr  8 16:14:37 UTC 2022: 
 hashmap.c | 2 ++
 1 file changed, 2 insertions(+)
 tests:  0|0
6579c47
Fri Apr  8 16:14:53 UTC 2022: 
 hashmap.c | 2 +-
 1 file changed, 1 insertion(+), 1 deletion(-)
 tests:  5|4
total_score: 30/70
061e139
Sun Apr 10 21:09:48 UTC 2022: 
 hashmap.c | 11 +++++++++--
 1 file changed, 9 insertions(+), 2 deletions(-)
 tests:  8|3
total_score: 40/70
1ae21d1
Sun Apr 10 21:37:16 UTC 2022: 
 hashmap.c | 11 +++++++++++
 1 file changed, 11 insertions(+)
 tests:  0|0
9a9d8a9
Sun Apr 10 21:38:02 UTC 2022: 
 hashmap.c | 2 +-
 1 file changed, 1 insertion(+), 1 deletion(-)
 tests:  11|2
total_score: 50/70
dd25845
Sun Apr 10 21:41:01 UTC 2022: 
 hashmap.c | 10 ++++++++--
 1 file changed, 8 insertions(+), 2 deletions(-)
In file included from test.c:4:0:
hashmap.c: In function ‘firstMap’:
hashmap.c:115:1: error: control reaches end of non-void function [-Werror=return-type]
 }
 ^
cc1: all warnings being treated as errors
Compilation failed
012104b
Sun Apr 10 21:41:15 UTC 2022: 
 hashmap.c | 1 +
 1 file changed, 1 insertion(+)
 tests:  13|2
total_score: 50/70
51e1fa7
Sun Apr 10 21:43:13 UTC 2022: 
 hashmap.c | 8 +++++++-
 1 file changed, 7 insertions(+), 1 deletion(-)
test.c: In function ‘nextMap’:
test.c:453:5: error: ‘main’ is normally a non-static function [-Werror=main]
 int main( int argc, char *argv[] ) {
     ^~~~
test.c:511:1: error: expected declaration or statement at end of input
 }
 ^
test.c:511:1: error: control reaches end of non-void function [-Werror=return-type]
 }
 ^
At top level:
test.c:453:5: error: ‘main’ defined but not used [-Werror=unused-function]
 int main( int argc, char *argv[] ) {
     ^~~~
test.c:217:5: error: ‘insert_test5’ defined but not used [-Werror=unused-function]
 int insert_test5(){ //factor de carga>0.7, se llama a función enlarge
     ^~~~~~~~~~~~
test.c:131:6: error: ‘compare_test’ defined but not used [-Werror=unused-function]
 void compare_test(){
      ^~~~~~~~~~~~
test.c:125:6: error: ‘hash_test3’ defined but not used [-Werror=unused-function]
 void hash_test3(){ //no random
      ^~~~~~~~~~
test.c:111:6: error: ‘hash_test2’ defined but not used [-Werror=unused-function]
 void hash_test2(){ // colisiones
      ^~~~~~~~~~
test.c:100:6: error: ‘hash_test1’ defined but not used [-Werror=unused-function]
 void hash_test1(){ // posición válida
      ^~~~~~~~~~
cc1: all warnings being treated as errors
Compilation failed
3e60d22
Sun Apr 10 22:06:08 UTC 2022: 
 hashmap.c | 5 ++++-
 1 file changed, 4 insertions(+), 1 deletion(-)
 tests:  16|1
total_score: 60/70
69d5ec1
Sun Apr 10 22:06:32 UTC 2022: 
 hashmap.c | 9 ---------
 1 file changed, 9 deletions(-)
 tests:  13|2
total_score: 50/70
ad0b434
Sun Apr 10 22:09:54 UTC 2022: 
 hashmap.c | 8 ++++++++
 1 file changed, 8 insertions(+)
 tests:  16|1
total_score: 60/70
8c2a51d
Sun Apr 10 22:26:57 UTC 2022: 
 hashmap.c | 14 ++++++++++++--
 1 file changed, 12 insertions(+), 2 deletions(-)
test.c: In function ‘enlarge’:
test.c:453:5: error: ‘main’ is normally a non-static function [-Werror=main]
 int main( int argc, char *argv[] ) {
     ^~~~
test.c:511:1: error: expected declaration or statement at end of input
 }
 ^
At top level:
test.c:453:5: error: ‘main’ defined but not used [-Werror=unused-function]
 int main( int argc, char *argv[] ) {
     ^~~~
test.c:217:5: error: ‘insert_test5’ defined but not used [-Werror=unused-function]
 int insert_test5(){ //factor de carga>0.7, se llama a función enlarge
     ^~~~~~~~~~~~
test.c:131:6: error: ‘compare_test’ defined but not used [-Werror=unused-function]
 void compare_test(){
      ^~~~~~~~~~~~
test.c:125:6: error: ‘hash_test3’ defined but not used [-Werror=unused-function]
 void hash_test3(){ //no random
      ^~~~~~~~~~
test.c:111:6: error: ‘hash_test2’ defined but not used [-Werror=unused-function]
 void hash_test2(){ // colisiones
      ^~~~~~~~~~
test.c:100:6: error: ‘hash_test1’ defined but not used [-Werror=unused-function]
 void hash_test1(){ // posición válida
      ^~~~~~~~~~
cc1: all warnings being treated as errors
Compilation failed
0cb9760
Sun Apr 10 22:27:30 UTC 2022: 
 hashmap.c | 12 ------------
 1 file changed, 12 deletions(-)
 tests:  16|1
total_score: 60/70
2db6f80
Sun Apr 10 22:28:41 UTC 2022: 
 hashmap.c | 13 +++++++++++++
 1 file changed, 13 insertions(+)
 tests:  0|0
5a83989
